<?xml version="1.0" encoding="UTF-8"?>
<testng-results skipped="0" failed="0" ignored="0" total="1" passed="1">
  <reporter-output>
  </reporter-output>
  <suite name="Default suite" duration-ms="13433" started-at="2019-01-25T08:36:47Z" finished-at="2019-01-25T08:37:00Z">
    <groups>
    </groups>
    <test name="Default test" duration-ms="13433" started-at="2019-01-25T08:36:47Z" finished-at="2019-01-25T08:37:00Z">
      <class name="script.TestLaunch">
        <test-method status="PASS" signature="openApplication()[pri:0, instance:script.TestLaunch@5b275dab]" name="openApplication" is-config="true" duration-ms="4249" started-at="2019-01-25T08:36:47Z" finished-at="2019-01-25T08:36:51Z">
          <reporter-output>
          </reporter-output>
        </test-method> <!-- openApplication -->
        <test-method status="PASS" signature="testLaunch()[pri:0, instance:script.TestLaunch@5b275dab]" name="testLaunch" duration-ms="7028" started-at="2019-01-25T08:36:51Z" finished-at="2019-01-25T08:36:58Z">
          <reporter-output>
          </reporter-output>
        </test-method> <!-- testLaunch -->
        <test-method status="PASS" signature="closeApplication(org.testng.ITestResult)[pri:0, instance:script.TestLaunch@5b275dab]" name="closeApplication" is-config="true" duration-ms="2124" started-at="2019-01-25T08:36:58Z" finished-at="2019-01-25T08:37:00Z">
          <params>
            <param index="0">
              <value>
                <![CDATA[[TestResult name=testLaunch status=SUCCESS method=TestLaunch.testLaunch()[pri:0, instance:script.TestLaunch@5b275dab] output={null}]]]>
              </value>
            </param>
          </params>
          <reporter-output>
          </reporter-output>
        </test-method> <!-- closeApplication -->
        <test-method status="PASS" signature="writeReport()[pri:0, instance:script.TestLaunch@5b275dab]" name="writeReport" is-config="true" duration-ms="342" started-at="2019-01-25T08:37:01Z" finished-at="2019-01-25T08:37:01Z">
          <reporter-output>
          </reporter-output>
        </test-method> <!-- writeReport -->
      </class> <!-- script.TestLaunch -->
    </test> <!-- Default test -->
  </suite> <!-- Default suite -->
</testng-results>
